<?xml version="1.0" encoding="UTF-8"?>
<!-- Generated by org.testng.reporters.JUnitReportReporter -->
<testsuite skipped="0" hostname="DESKTOP-FU9S1DA" name="com.tesm.demo.Demo" tests="1" failures="0" timestamp="15 May 2018 05:07:47 GMT" time="0.012" errors="0">
  <testcase name="print" time="0.012" classname="com.tesm.demo.Demo"/>
</testsuite> <!-- com.tesm.demo.Demo -->
